labels 1 -1
1 0.999973 2.70168e-05
-1 1.60542e-06 0.999998
-1 0.00510353 0.994896
-1 9.11368e-07 0.999999
-1 0.00801281 0.991987
1 0.999366 0.000633832
-1 4.90998e-07 1
-1 3.8489e-06 0.999996
-1 0.0026252 0.997375
1 0.999998 2.02988e-06
-1 0.238972 0.761028
1 0.990515 0.00948454
1 0.997599 0.00240115
-1 9.70947e-07 0.999999
1 0.957678 0.042322
1 0.999937 6.32114e-05
-1 1.09064e-06 0.999999
1 0.999927 7.25246e-05
1 0.996839 0.00316146
-1 0.00368342 0.996317
1 0.999993 7.31958e-06
1 0.988325 0.0116751
1 0.997247 0.00275319
-1 0.295624 0.704376
-1 0.0138773 0.986123
-1 3.95948e-06 0.999996
-1 1.09022e-06 0.999999
-1 6.44507e-07 0.999999
1 0.999997 2.51456e-06
-1 1.08364e-07 1
-1 0.209677 0.790323
-1 0.00523704 0.994763
1 0.999249 0.000751189
-1 1.90348e-06 0.999998
1 0.999931 6.86621e-05
1 0.998831 0.00116921
1 0.999794 0.000206178
1 0.999921 7.86982e-05
-1 3.54131e-06 0.999996
1 0.995951 0.00404915
-1 1.87559e-06 0.999998
1 0.912106 0.0878944
-1 2.64733e-07 1
-1 3.68652e-07 1
1 0.982141 0.0178594
-1 1.28592e-05 0.999987
1 0.999482 0.000517865
1 0.999945 5.45573e-05
-1 7.07909e-06 0.999993
1 0.996721 0.00327867
1 0.994797 0.00520302
-1 0.00261717 0.997383
-1 0.00301981 0.99698
-1 2.51598e-07 1
1 0.999099 0.000900675
-1 1.8125e-05 0.999982
1 0.955066 0.0449339
-1 0.438772 0.561228
1 0.999988 1.15079e-05
-1 0.0889172 0.911083
1 0.999963 3.74623e-05
1 0.999999 1.49113e-06
-1 0.00405318 0.995947
1 0.987594 0.0124056
1 0.999631 0.00036935
1 0.689525 0.310475
1 0.999473 0.000527449
1 0.996701 0.00329904
1 0.983743 0.016257
-1 3.23132e-06 0.999997
-1 0.00375056 0.996249
1 0.947425 0.0525752
-1 1.89075e-06 0.999998
1 0.999898 0.000101961
-1 0.00292049 0.99708
-1 4.02393e-07 1
-1 1.78092e-06 0.999998
-1 0.0125995 0.987401
-1 1.07311e-06 0.999999
1 0.999997 2.89732e-06
1 0.999912 8.80158e-05
-1 0.00449556 0.995504
-1 7.53295e-07 0.999999
1 0.993807 0.0061934
-1 3.46613e-06 0.999997
-1 4.82312e-07 1
1 0.999065 0.000934801
-1 4.26024e-06 0.999996
1 0.999883 0.000116786
1 0.869425 0.130575
1 0.964865 0.0351346
-1 1.51277e-06 0.999998
1 0.999678 0.000322392
-1 0.0356864 0.964314
1 0.92591 0.0740902
-1 1.59349e-06 0.999998
1 0.995599 0.00440089
1 0.997149 0.00285052
1 0.667971 0.332029
1 0.953117 0.0468831
-1 1.53861e-07 1
1 0.996688 0.00331154
-1 0.00586387 0.994136
-1 2.38612e-07 1
1 0.999886 0.00011386
-1 0.0026992 0.997301
-1 1.26604e-06 0.999999
1 0.999909 9.10423e-05
-1 2.57788e-06 0.999997
1 0.999778 0.000222238
1 0.993686 0.00631387
-1 2.48555e-06 0.999998
-1 1.45203e-05 0.999985
-1 0.00305937 0.996941
1 0.999968 3.22526e-05
-1 2.39146e-06 0.999998
-1 1.07548e-06 0.999999
-1 1.08004e-06 0.999999
-1 0.00966018 0.99034
1 0.853686 0.146314
-1 0.00687511 0.993125
-1 0.0370088 0.962991
1 0.998307 0.00169334
1 0.999937 6.28983e-05
1 0.891475 0.108525
-1 4.94325e-07 1
-1 1.35099e-05 0.999986
1 0.999733 0.000266664
-1 0.0102106 0.989789
-1 1.14078e-05 0.999989
1 0.998513 0.00148668
1 0.995707 0.00429292
-1 7.89495e-06 0.999992
-1 0.0277852 0.972215
1 0.999743 0.00025714
1 0.999551 0.000448967
1 0.999738 0.000262154
-1 8.38792e-06 0.999992
1 0.999985 1.53221e-05
1 0.972857 0.0271429
-1 0.00696892 0.993031
1 0.999895 0.000104779
-1 0.00278683 0.997213
-1 1.13835e-06 0.999999
-1 3.26147e-06 0.999997
1 0.99999 1.02468e-05
1 0.725701 0.274299
1 0.999897 0.000103276
-1 3.15498e-08 1
1 0.986009 0.0139906
1 0.999989 1.05508e-05
-1 0.0299892 0.970011
-1 5.53423e-08 1
-1 0.0621431 0.937857
-1 1.8906e-07 1
-1 4.25388e-07 1
1 0.999989 1.10765e-05
-1 3.78807e-07 1
-1 4.22525e-08 1
1 0.981571 0.0184291
-1 0.00985852 0.990141
1 0.994721 0.00527937
-1 0.00473365 0.995266
1 0.998504 0.00149558
1 0.995505 0.00449507
1 0.999511 0.000489251
-1 3.6414e-07 1
1 0.986091 0.0139089
-1 0.173751 0.826249
-1 0.0366968 0.963303
1 0.999995 4.53332e-06
1 0.999921 7.85983e-05
-1 0.010795 0.989205
1 0.994585 0.00541452
-1 1.44714e-06 0.999999
-1 3.92109e-06 0.999996
-1 1.79461e-05 0.999982
1 0.999952 4.76929e-05
1 0.995091 0.00490852
-1 1.75882e-06 0.999998
-1 1.78101e-06 0.999998
1 0.90242 0.09758
1 0.999561 0.000439364
-1 2.21412e-07 1
1 0.785688 0.214312
1 0.999692 0.00030752
-1 0.0330918 0.966908
-1 1.48449e-06 0.999999
-1 0.0124398 0.98756
-1 0.00391674 0.996083
-1 1.91338e-05 0.999981
-1 8.23745e-06 0.999992
-1 0.125322 0.874678
-1 1.16179e-06 0.999999
-1 5.96761e-07 0.999999
-1 3.78391e-06 0.999996
-1 3.79624e-06 0.999996
1 0.999878 0.00012212
-1 0.0032557 0.996744
-1 2.80148e-06 0.999997
1 0.999999 5.53754e-07
1 0.940016 0.0599841
1 0.999876 0.000124475
1 0.999954 4.59093e-05
-1 1.1138e-06 0.999999
1 0.967303 0.0326974
1 0.999871 0.000129478
1 0.996658 0.00334173
1 0.999106 0.000894337
1 0.995431 0.00456868
1 0.999189 0.000810618
-1 2.34915e-09 1
-1 0.0262446 0.973755
-1 0.0064446 0.993555
1 0.999989 1.09825e-05
-1 5.23443e-08 1
-1 0.00393242 0.996068
1 0.999926 7.38013e-05
1 0.99999 1.01613e-05
1 0.994069 0.0059308
1 0.999978 2.23999e-05
1 0.999792 0.000208114
1 0.982206 0.0177944
-1 0.129004 0.870996
1 0.998617 0.00138286
-1 5.78791e-08 1
1 0.999704 0.00029552
1 0.999615 0.000384993
1 0.999688 0.000311747
1 0.99994 5.96726e-05
-1 1.07835e-05 0.999989
-1 1.03294e-06 0.999999
1 0.999931 6.89775e-05
-1 0.00435323 0.995647
1 0.999352 0.00064805
1 0.769727 0.230273
-1 3.89665e-07 1
1 0.541952 0.458048
-1 6.51615e-07 0.999999
1 0.999967 3.29373e-05
