labels 1 -1
1 0.948079 0.0519211
1 0.997713 0.002287
1 0.955898 0.0441017
1 1 1e-07
1 0.999997 2.57113e-06
1 0.999952 4.82939e-05
1 0.999999 1.18177e-06
1 0.999461 0.000539311
1 1 1e-07
1 1 1e-07
1 0.984014 0.0159855
1 0.999999 5.51723e-07
1 0.975898 0.0241018
1 1 1.3482e-07
1 0.999966 3.4264e-05
1 0.999016 0.000983675
1 0.9509 0.0490998
1 0.999975 2.50958e-05
1 0.998585 0.00141475
1 0.999779 0.000221134
1 0.999996 3.77153e-06
1 1 1e-07
1 0.992453 0.0075468
1 0.999964 3.58864e-05
1 0.891947 0.108053
1 0.999599 0.000400809
1 1 1e-07
1 0.999224 0.000776436
1 0.999999 6.81218e-07
1 0.999728 0.000271689
1 1 1e-07
1 0.99943 0.000570336
1 0.996814 0.00318563
1 0.988881 0.0111187
1 1 1e-07
1 1 1e-07
1 0.986246 0.0137537
1 0.9978 0.00220019
1 1 1e-07
1 1 1e-07
1 0.999319 0.000680876
1 0.999761 0.000239415
1 0.986756 0.013244
1 0.990526 0.00947408
1 0.999993 7.4469e-06
1 0.988726 0.0112743
1 0.966216 0.0337839
1 0.97693 0.0230697
1 0.999997 3.30013e-06
1 0.998393 0.00160657
1 0.980459 0.0195414
1 0.99986 0.000140113
1 0.995791 0.00420931
1 0.999984 1.56667e-05
1 1 1e-07
1 1 1e-07
1 1 1e-07
1 0.999981 1.85801e-05
1 1 1.48615e-07
1 1 1e-07
1 0.999895 0.000105226
1 1 1e-07
1 0.995236 0.00476441
1 0.851973 0.148027
1 0.999999 1.10135e-06
1 0.999492 0.000507689
1 0.995533 0.00446719
1 1 3.15781e-07
1 0.919478 0.0805218
1 0.894356 0.105644
1 0.999097 0.000903102
1 0.998538 0.0014623
1 0.999527 0.000473334
1 1 1e-07
1 0.999949 5.12053e-05
1 0.977336 0.0226642
1 1 1e-07
1 1 3.32596e-07
1 0.891184 0.108816
1 0.988623 0.0113773
1 1 1.62991e-07
1 0.997368 0.00263227
1 0.938792 0.0612085
1 1 1e-07
-1 0.313931 0.686069
1 0.9996 0.000400345
1 1 1e-07
1 0.951738 0.0482616
1 0.953547 0.0464525
1 0.999127 0.00087263
1 1 1e-07
1 1 1e-07
1 1 1e-07
1 0.999043 0.000957111
1 1 1e-07
1 0.99953 0.000469553
1 0.996486 0.0035143
1 0.999982 1.84593e-05
1 0.999393 0.000607473
1 1 4.26001e-07
1 0.997143 0.00285731
1 0.999908 9.23156e-05
1 0.999056 0.000943879
1 0.963073 0.0369267
1 1 1e-07
1 0.998666 0.0013336
1 0.999528 0.000472103
1 1 1e-07
1 0.954787 0.0452131
1 0.998913 0.00108738
1 0.999997 2.75441e-06
1 0.995404 0.00459595
1 0.999892 0.000107644
1 1 1e-07
1 0.96591 0.0340902
1 0.975743 0.0242573
1 0.99235 0.00765023
1 0.99703 0.00297014
1 0.999995 5.41461e-06
1 0.999599 0.000400568
1 0.995543 0.00445724
1 0.999764 0.000235632
1 0.973222 0.0267785
1 0.99992 8.01913e-05
1 1 1e-07
1 0.999881 0.00011946
1 0.999918 8.18437e-05
1 1 1e-07
1 1 1e-07
1 0.99999 9.5503e-06
1 1 1e-07
1 0.891332 0.108668
1 0.999652 0.000348146
1 1 1e-07
1 0.999941 5.93509e-05
1 1 1e-07
1 0.999306 0.000693676
1 0.999999 8.36711e-07
1 0.994838 0.00516219
1 1 1e-07
1 1 1e-07
1 1 1e-07
1 0.998067 0.00193335
1 1 1e-07
1 0.999835 0.000164581
1 1 1.40136e-07
1 0.996762 0.00323804
1 1 1e-07
1 1 1e-07
1 0.999725 0.000274565
1 0.9919 0.00809982
1 0.9999 9.99776e-05
1 1 1e-07
1 0.999195 0.000805232
1 0.999978 2.23432e-05
1 0.998685 0.00131466
1 0.999193 0.000806658
1 0.999999 9.27897e-07
1 0.90184 0.0981598
1 1 1e-07
1 1 1e-07
1 1 1e-07
1 0.8913 0.1087
1 0.956022 0.0439777
1 0.999985 1.48917e-05
1 0.999979 2.11684e-05
1 0.992784 0.00721561
1 0.999996 4.44091e-06
1 0.999879 0.000121019
1 0.99996 3.99456e-05
1 1 1e-07
1 1 1e-07
1 1 1e-07
1 0.999999 5.75965e-07
1 1 1e-07
1 1 1e-07
1 1 1.68337e-07
1 1 1e-07
1 1 4.10093e-07
1 1 4.64574e-07
1 1 1e-07
1 0.999999 6.06278e-07
1 1 1e-07
1 0.998656 0.00134372
1 0.995866 0.00413401
1 0.999862 0.000137747
1 0.999934 6.58591e-05
1 0.999533 0.000466655
1 1 1e-07
1 1 3.81981e-07
1 1 1.03428e-07
1 1 1e-07
1 0.999921 7.90007e-05
1 0.999972 2.77989e-05
1 0.999951 4.89688e-05
1 1 1e-07
1 1 1e-07
1 0.999991 8.88979e-06
1 0.999996 4.00321e-06
1 0.999994 6.24478e-06
1 0.999992 8.30668e-06
1 0.999993 7.2325e-06
1 1 1e-07
1 0.999988 1.21572e-05
1 0.997798 0.00220162
1 0.994493 0.00550696
1 0.999638 0.000362178
1 1 2.57633e-07
1 1 1e-07
1 1 1e-07
1 0.998086 0.0019137
1 0.998712 0.00128785
-1 0.377224 0.622776
1 0.999997 2.8336e-06
1 0.999626 0.000373694
1 0.992922 0.00707821
1 0.997786 0.00221366
1 0.999831 0.000168699
1 0.987342 0.0126578
1 0.99997 2.95993e-05
1 1 1e-07
1 0.999998 2.41936e-06
1 0.999999 5.77207e-07
1 0.999985 1.47509e-05
1 0.981004 0.0189959
1 1 1e-07
1 0.999536 0.000464079
1 0.99999 9.88115e-06
1 1 1e-07
1 0.999843 0.000156948
1 1 1e-07
1 0.995422 0.00457824
1 1 1e-07
1 0.999994 5.85856e-06
1 1 1e-07
1 0.999999 6.61875e-07
1 1 1e-07
1 1 3.04912e-07
1 0.999999 1.2875e-06
1 1 1e-07
1 0.999999 6.42759e-07
1 0.999951 4.93108e-05
1 0.945476 0.0545242
1 0.999999 8.7327e-07
1 0.997 0.00300023
1 0.999931 6.93257e-05
1 0.999998 1.91815e-06
1 0.9989 0.00109982
1 1 1e-07
1 0.999898 0.000102023
1 0.999928 7.23672e-05
1 1 1e-07
1 1 1e-07
1 1 1e-07
1 0.990393 0.00960737
1 1 1e-07
1 1 1e-07
1 0.99997 3.03393e-05
1 0.999976 2.39185e-05
1 0.999793 0.000207176
1 1 1e-07
1 1 1e-07
1 0.999997 2.8743e-06
1 0.983422 0.0165778
1 0.996176 0.00382403
1 0.999442 0.000558461
1 0.999969 3.12371e-05
1 0.999975 2.50457e-05
1 1 1e-07
1 0.999832 0.000167848
1 1 1e-07
1 0.999982 1.7646e-05
1 1 1e-07
1 0.999847 0.000152535
1 0.984536 0.0154638
1 0.999997 3.18095e-06
1 0.968585 0.0314146
1 0.989778 0.0102221
1 0.998996 0.00100351
1 1 1e-07
1 1 1e-07
1 0.999968 3.21441e-05
1 0.999969 3.07645e-05
1 0.99655 0.00344953
1 0.99854 0.00146007
1 0.99875 0.00125041
1 1 1.18156e-07
1 0.99105 0.00894988
1 0.999917 8.27932e-05
1 0.999897 0.000102666
1 1 1e-07
1 0.998707 0.00129273
1 0.999944 5.59732e-05
1 0.999999 1.28854e-06
1 1 1e-07
1 1 1e-07
1 1 1e-07
1 0.999925 7.50757e-05
1 0.996166 0.0038342
1 1 1e-07
1 1 1e-07
1 0.999999 8.15966e-07
1 1 2.81766e-07
1 0.97806 0.0219405
1 0.996027 0.00397256
1 0.999875 0.000124573
1 1 3.00565e-07
1 0.998403 0.00159722
1 1 1e-07
1 1 1e-07
1 0.9999 0.000100199
1 0.999531 0.000469265
1 0.998767 0.00123336
1 0.994013 0.00598674
1 0.998869 0.00113089
1 0.999654 0.000346358
1 0.999999 1.05674e-06
1 1 1e-07
1 0.999999 1.22647e-06
1 1 1e-07
1 0.986379 0.0136213
1 0.942957 0.0570431
1 1 1e-07
1 0.999828 0.000171671
1 0.885192 0.114808
1 0.984669 0.0153306
1 0.999961 3.91012e-05
1 1 1e-07
1 0.999965 3.47564e-05
1 1 1e-07
1 0.99712 0.00288047
1 0.99997 2.98482e-05
1 0.999851 0.000149492
1 0.937986 0.0620138
1 1 1.67529e-07
1 0.995598 0.00440189
1 0.999999 1.27925e-06
1 0.778948 0.221052
1 0.999999 1.35584e-06
1 1 1e-07
1 0.999998 2.15894e-06
1 0.999097 0.000902982
1 0.99998 2.04128e-05
1 0.999918 8.23231e-05
1 0.72751 0.27249
1 1 1e-07
1 1 3.57716e-07
1 0.999996 4.27019e-06
1 1 1e-07
1 1 1.12118e-07
1 1 1e-07
1 0.999937 6.34918e-05
1 1 1e-07
1 0.999988 1.23055e-05
1 0.999997 2.61885e-06
1 0.858914 0.141086
1 1 1e-07
1 0.995247 0.00475303
1 0.994006 0.00599367
1 1 1.07667e-07
1 1 1e-07
1 0.999613 0.000386645
1 0.999894 0.000105985
1 0.999955 4.53593e-05
1 0.999988 1.20265e-05
1 0.999494 0.000506399
1 0.999998 1.60412e-06
1 0.999998 2.06617e-06
1 1 1e-07
1 0.998925 0.00107483
1 0.999984 1.56282e-05
1 0.999945 5.47386e-05
1 0.999986 1.44023e-05
1 1 2.64154e-07
1 0.999999 7.99925e-07
1 0.99992 7.97829e-05
1 0.99988 0.000119731
1 1 1.0033e-07
1 0.998051 0.00194909
1 1 3.19128e-07
1 0.999997 3.40412e-06
1 0.999987 1.26161e-05
1 0.999977 2.30588e-05
1 0.999999 5.20331e-07
1 0.999977 2.30825e-05
1 1 1e-07
1 1 1e-07
1 1 1e-07
1 1 1e-07
1 0.99999 1.03628e-05
1 1 4.03366e-07
1 0.999945 5.487e-05
1 1 1e-07
1 0.994154 0.00584589
1 0.999759 0.000240559
1 0.998634 0.00136572
1 0.999985 1.4527e-05
1 0.998277 0.00172294
1 0.988953 0.0110472
1 0.999991 8.99939e-06
1 0.999896 0.000103949
1 0.999844 0.000156432
1 0.999988 1.21783e-05
1 0.999937 6.33671e-05
1 0.998716 0.00128408
1 1 1e-07
1 0.999942 5.76796e-05
1 0.999978 2.22224e-05
1 0.973624 0.0263755
1 0.999998 1.63248e-06
1 0.999995 5.36961e-06
1 1 1e-07
1 0.999999 1.38242e-06
1 0.999996 4.14951e-06
1 0.999996 3.8691e-06
1 0.999922 7.75194e-05
1 0.999994 6.40826e-06
1 0.999281 0.000718735
1 0.999997 3.39963e-06
1 0.999925 7.47e-05
1 0.999475 0.000524649
1 0.999948 5.18708e-05
1 0.993912 0.00608779
1 0.999735 0.00026462
1 0.999993 7.28096e-06
1 0.723937 0.276063
1 0.996662 0.00333761
1 0.999465 0.000534961
1 0.99998 1.96903e-05
1 0.999966 3.35138e-05
1 0.999991 8.65446e-06
1 0.999948 5.16951e-05
1 1 1e-07
1 1 1e-07
1 0.999457 0.000542684
1 0.999978 2.19795e-05
1 0.999997 2.57575e-06
1 0.999999 8.38426e-07
1 0.99994 5.97255e-05
1 1 1e-07
1 1 1.22736e-07
1 0.999969 3.09979e-05
1 0.994188 0.00581155
1 0.999998 2.23961e-06
1 1 1e-07
1 1 1e-07
1 0.999998 2.15799e-06
1 0.999999 1.43517e-06
1 0.98474 0.0152601
1 0.979558 0.0204417
1 0.999726 0.000274115
1 1 1e-07
1 1 4.73537e-07
1 1 1.08539e-07
1 0.999868 0.000132177
1 0.992913 0.00708692
1 0.999985 1.50961e-05
1 1 1e-07
1 1 1e-07
1 0.999989 1.09797e-05
1 0.999989 1.11479e-05
1 0.999438 0.00056235
1 0.999996 3.56639e-06
1 0.999999 8.71649e-07
1 1 1e-07
1 1 1.03825e-07
1 0.999996 3.51322e-06
1 0.999025 0.000975153
1 0.999992 7.72182e-06
1 0.997264 0.00273621
1 0.999965 3.53251e-05
1 0.999987 1.29136e-05
1 0.99999 1.01732e-05
1 1 1e-07
1 0.999999 7.76324e-07
1 1 1e-07
1 1 1e-07
1 0.999991 8.7668e-06
1 1 1e-07
1 0.996262 0.00373773
1 1 1.66578e-07
1 0.999421 0.000578671
1 0.913505 0.086495
1 0.992317 0.00768326
1 0.999993 6.9354e-06
1 1 1e-07
1 0.999251 0.000749173
1 1 1e-07
1 0.999941 5.90639e-05
1 0.930754 0.0692461
1 0.998927 0.00107264
1 0.999852 0.000147543
1 0.999996 4.23281e-06
1 0.999995 5.24725e-06
1 1 2.38697e-07
1 0.999721 0.000278973
1 0.999845 0.000155021
1 1 1e-07
1 0.999998 2.45805e-06
1 1 1e-07
1 0.99589 0.00411018
1 0.999999 1.1706e-06
1 1 1e-07
1 1 1e-07
1 0.999982 1.81731e-05
1 0.999992 8.08434e-06
1 1 1.94307e-07
1 0.999999 7.72978e-07
1 1 3.22717e-07
1 1 1e-07
1 0.99992 7.9672e-05
1 1 1.46191e-07
1 1 1e-07
1 0.999999 1.06991e-06
1 0.996105 0.00389486
1 0.979535 0.0204654
1 0.998826 0.00117447
1 0.929667 0.0703332
1 0.999838 0.000162487
1 0.934088 0.0659116
1 1 3.06028e-07
-1 0.353509 0.646491
1 0.999994 6.37672e-06
1 0.999531 0.000468902
1 0.998958 0.00104234
1 0.993966 0.00603356
1 1 1.78668e-07
1 0.999536 0.000464105
1 1 1e-07
1 0.999999 1.06466e-06
1 0.999888 0.000111699
1 0.999998 1.57939e-06
1 0.999756 0.000244113
1 0.999949 5.12451e-05
1 0.999999 6.45132e-07
1 1 1e-07
1 1 1e-07
1 1 4.52074e-07
1 0.999888 0.000112224
1 0.999999 7.91867e-07
1 0.926113 0.0738874
1 0.99999 9.67752e-06
1 0.999999 8.09336e-07
1 0.999998 1.84275e-06
1 0.994735 0.00526533
1 0.999975 2.5322e-05
1 0.939081 0.0609193
1 0.840542 0.159458
1 0.99999 9.8284e-06
1 1 1e-07
1 0.99998 1.97046e-05
1 0.999914 8.64373e-05
1 0.999987 1.28478e-05
1 0.999957 4.2897e-05
1 1 4.56342e-07
1 0.999963 3.74801e-05
1 0.999999 9.20784e-07
1 0.999691 0.000308787
1 0.999295 0.000705463
1 0.999642 0.000358464
1 0.999988 1.22732e-05
1 0.998948 0.00105201
1 0.999988 1.1715e-05
1 0.999178 0.000821946
1 0.999995 4.94803e-06
1 0.99986 0.000140498
1 1 1e-07
1 0.999999 1.06063e-06
1 1 3.40217e-07
1 0.891309 0.108691
1 0.999937 6.3393e-05
1 0.957964 0.0420355
1 0.989371 0.010629
1 0.999716 0.000284232
1 0.99988 0.000120412
1 0.99401 0.00598957
1 0.999904 9.5578e-05
1 0.99995 5.03259e-05
1 0.938691 0.0613092
1 0.999935 6.54634e-05
1 1 1e-07
1 0.999874 0.000125841
1 0.976654 0.0233458
1 0.997206 0.00279375
1 0.999709 0.00029111
1 1 1e-07
1 0.999533 0.000466553
1 0.998146 0.00185385
1 0.999816 0.000184229
1 0.996387 0.00361281
1 0.999183 0.00081739
1 0.999992 7.69279e-06
1 0.999959 4.14709e-05
1 0.999966 3.35549e-05
1 0.965841 0.0341592
1 0.99994 6.03156e-05
1 0.999954 4.59241e-05
1 0.999137 0.000862993
1 1 1e-07
1 0.999909 9.08998e-05
1 0.999994 6.48327e-06
1 0.9917 0.00829997
1 0.999995 4.91906e-06
1 0.999999 8.45511e-07
1 1 2.23572e-07
1 0.896106 0.103894
1 0.999966 3.40474e-05
1 0.998122 0.00187791
1 1 1e-07
1 0.932012 0.0679881
1 0.999976 2.42303e-05
1 0.731192 0.268808
1 0.999923 7.73743e-05
-1 0.132728 0.867272
1 0.999415 0.000585204
1 0.987386 0.0126136
1 0.995155 0.00484538
-1 0.225896 0.774104
1 0.99998 2.00223e-05
1 0.871653 0.128347
1 0.984177 0.0158229
1 0.984852 0.0151483
1 0.999933 6.73107e-05
1 0.999994 6.21133e-06
1 0.999951 4.89545e-05
1 1 3.13742e-07
1 0.996923 0.00307691
1 0.831611 0.168389
1 0.999901 9.86449e-05
1 0.999944 5.64425e-05
1 0.975433 0.0245668
1 0.996746 0.0032537
1 0.997611 0.00238917
1 1 3.42909e-07
1 1 1.07328e-07
1 0.999989 1.06094e-05
1 0.999964 3.58115e-05
1 0.978218 0.0217816
1 0.999301 0.000698683
1 0.99992 7.97604e-05
1 0.999757 0.000242786
1 0.99999 1.04038e-05
1 0.9999 0.000100087
1 0.748023 0.251977
1 0.961507 0.0384932
1 0.977067 0.0229327
1 0.998046 0.00195416
1 0.999885 0.000114742
1 0.999949 5.08897e-05
1 0.999929 7.05734e-05
1 0.999987 1.25438e-05
1 0.998117 0.00188259
1 0.999945 5.48904e-05
1 0.990144 0.00985579
1 0.999999 6.74914e-07
1 0.85723 0.14277
1 0.996505 0.00349495
1 1 1e-07
1 0.973442 0.0265584
1 0.892991 0.107009
1 0.999992 7.87485e-06
1 0.99996 4.03125e-05
1 1 2.59786e-07
1 0.999993 6.75542e-06
1 0.985334 0.0146662
1 0.999121 0.000878719
1 0.999728 0.000271571
1 0.975663 0.0243367
1 0.999865 0.000134564
1 0.98131 0.01869
1 1 3.59431e-07
1 0.999905 9.49508e-05
1 0.970301 0.0296986
1 0.891298 0.108702
1 0.950232 0.0497681
1 0.95498 0.0450204
1 0.907315 0.0926851
1 0.997745 0.00225517
1 0.999768 0.000232362
1 0.998622 0.00137758
1 0.997464 0.00253573
1 0.999617 0.000382559
1 0.994081 0.00591907
-1 0.436783 0.563217
1 0.998947 0.00105289
1 0.999993 7.01436e-06
1 0.999905 9.52746e-05
1 0.999961 3.89657e-05
1 0.998193 0.0018067
1 0.999999 7.81333e-07
1 0.553259 0.446741
1 0.999998 1.78494e-06
1 0.998401 0.00159905
1 0.999859 0.000141466
1 0.999113 0.000887003
1 0.996796 0.00320404
-1 0.404902 0.595098
1 0.999953 4.74155e-05
1 0.985039 0.0149605
1 1 1e-07
1 0.999711 0.000288584
1 0.999995 5.38136e-06
1 0.975753 0.0242468
1 0.959122 0.0408782
1 0.967945 0.0320549
1 0.999997 3.34489e-06
1 0.99108 0.00891972
1 0.995454 0.00454583
1 1 1e-07
1 0.999985 1.52203e-05
1 0.989797 0.0102028
1 0.946196 0.0538037
1 0.923991 0.0760086
1 0.686251 0.313749
1 0.996688 0.0033123
1 0.999999 1.40895e-06
1 0.999956 4.39522e-05
1 0.891199 0.108801
1 0.999926 7.39638e-05
1 0.788892 0.211108
1 0.999937 6.30633e-05
1 1 3.06103e-07
1 1 1e-07
1 1 1e-07
1 0.891258 0.108742
1 1 1e-07
1 0.999999 1.45175e-06
1 0.891306 0.108694
1 0.998099 0.0019009
1 0.999881 0.000119167
1 0.599833 0.400167
1 0.886128 0.113872
1 0.998275 0.00172495
1 0.997495 0.00250472
1 0.987756 0.012244
1 0.997951 0.00204884
1 0.99967 0.000330398
1 0.999418 0.000581921
1 0.999999 1.06404e-06
1 1 1e-07
1 0.999989 1.05204e-05
1 0.999546 0.000453965
1 0.999905 9.5083e-05
1 1 1e-07
1 1 1e-07
1 1 1e-07
1 1 1e-07
1 0.999999 8.76129e-07
-1 0.438086 0.561914
1 1 1e-07
1 1 2.33751e-07
1 0.999641 0.000358932
1 1 3.0346e-07
1 0.999901 9.85588e-05
1 1 1e-07
1 0.999999 1.07853e-06
1 0.999999 1.03711e-06
1 0.80693 0.19307
1 0.999995 5.41697e-06
1 0.993942 0.00605793
1 0.997139 0.00286131
1 1 1e-07
1 0.969933 0.0300672
1 1 1e-07
1 0.999991 9.41221e-06
1 0.999989 1.10991e-05
1 1 1e-07
1 1 1e-07
1 0.999999 5.1999e-07
1 0.999929 7.13548e-05
1 0.999918 8.15026e-05
1 0.990105 0.00989535
1 0.998951 0.00104948
1 0.64259 0.35741
1 0.999479 0.00052074
1 1 1e-07
1 0.999997 3.30536e-06
1 0.999708 0.000291641
1 1 1e-07
1 0.999986 1.40742e-05
1 1 1e-07
1 0.999999 7.48505e-07
1 0.9075 0.0924998
1 0.999999 5.23863e-07
1 0.999963 3.71887e-05
1 0.999952 4.76377e-05
1 0.9999 0.000100478
1 0.891166 0.108834
1 0.999426 0.000573755
1 1 2.12162e-07
1 0.999998 1.67957e-06
1 0.999979 2.10052e-05
1 1 1e-07
1 0.99999 9.86518e-06
1 1 1e-07
1 0.999999 5.92292e-07
1 1 1e-07
1 1 1e-07
1 1 1e-07
1 0.999998 2.08629e-06
1 0.999987 1.32583e-05
1 1 1e-07
1 1 1e-07
1 1 1e-07
1 1 1.4896e-07
1 1 1e-07
1 1 1e-07
1 1 1e-07
1 0.998474 0.0015259
1 1 4.22334e-07
1 1 1e-07
1 1 1e-07
1 1 1e-07
1 1 1e-07
1 1 1e-07
1 1 1e-07
1 0.999999 6.64066e-07
1 1 2.62567e-07
1 1 1e-07
1 0.999728 0.000272064
1 0.999999 1.15302e-06
1 1 1e-07
1 0.999998 2.1948e-06
1 0.999998 2.41147e-06
1 0.999978 2.16072e-05
1 0.898805 0.101195
1 1 1e-07
1 0.998942 0.00105773
1 0.963433 0.0365669
1 0.993385 0.00661518
1 0.99999 1.02213e-05
1 0.999983 1.71919e-05
1 0.988413 0.0115873
1 0.999832 0.000167855
1 0.999997 2.77107e-06
1 0.99978 0.000220025
1 0.995728 0.00427159
1 0.999999 9.63312e-07
1 0.999801 0.000198646
1 1 1e-07
1 1 1.89929e-07
1 0.999974 2.61479e-05
1 1 1e-07
1 1 2.36698e-07
1 1 1e-07
1 0.891172 0.108828
1 0.69124 0.30876
1 1 3.63139e-07
1 0.999935 6.45916e-05
1 0.992044 0.00795636
1 0.999744 0.000256229
1 0.998435 0.00156533
-1 0.368951 0.631049
1 1 1.23363e-07
1 1 2.50728e-07
1 0.999996 4.16798e-06
1 0.999956 4.43859e-05
1 0.999989 1.07257e-05
1 0.971285 0.0287147
1 0.998096 0.00190353
1 0.895414 0.104586
1 0.999685 0.000314894
1 0.999975 2.4776e-05
1 1 3.48072e-07
1 0.999968 3.19947e-05
1 0.99971 0.000289878
1 0.934279 0.0657213
1 0.998336 0.00166367
1 0.999999 5.17139e-07
1 1 1.60983e-07
1 1 1e-07
1 1 1e-07
1 0.891293 0.108707
1 0.999483 0.000517325
1 1 1e-07
1 0.999484 0.00051617
1 1 1e-07
1 0.94318 0.0568196
1 0.999998 2.34151e-06
1 0.999999 6.04471e-07
1 0.999943 5.72908e-05
1 1 1e-07
1 1 3.73147e-07
1 1 1e-07
1 0.999947 5.29115e-05
1 1 1e-07
1 0.999998 1.51036e-06
1 0.999999 6.96842e-07
1 0.951386 0.0486137
1 1 1e-07
1 0.999999 5.20024e-07
1 0.994 0.00599952
1 1 1e-07
1 1 1e-07
1 1 1e-07
1 1 1e-07
1 1 1e-07
1 0.999998 1.64112e-06
1 1 1e-07
1 1 1e-07
1 0.99903 0.000969706
1 1 1.6748e-07
1 1 1e-07
1 1 1e-07
1 1 1e-07
1 0.999821 0.000179462
1 0.999398 0.000602349
1 0.958697 0.041303
1 0.96326 0.0367397
1 1 1e-07
1 1 1e-07
1 1 1e-07
1 1 1e-07
1 0.965515 0.034485
1 0.999996 4.03055e-06
1 0.999996 3.99889e-06
1 1 1.38096e-07
1 0.999794 0.000205533
1 0.999998 1.74597e-06
1 1 1e-07
1 1 1e-07
1 1 1e-07
1 1 1e-07
1 1 1e-07
1 0.999335 0.000665023
1 1 1e-07
1 1 1e-07
1 1 1e-07
1 1 1e-07
1 0.999928 7.22927e-05
1 1 1e-07
1 1 1e-07
1 1 1e-07
1 1 1e-07
1 0.999302 0.000698247
1 1 3.65251e-07
1 1 1e-07
1 0.933734 0.0662663
1 0.641129 0.358871
1 1 1e-07
1 1 1e-07
1 1 1.43959e-07
1 0.999917 8.25043e-05
1 0.999137 0.000863231
-1 0.39059 0.60941
1 0.999999 1.14406e-06
1 0.999999 5.80023e-07
1 0.999617 0.000382587
1 1 1e-07
1 1 1e-07
1 0.999997 3.2599e-06
1 0.999981 1.89994e-05
1 0.999993 6.66049e-06
1 0.95448 0.04552
1 0.999985 1.50161e-05
1 1 1e-07
1 1 1e-07
1 1 1e-07
1 0.999998 2.12192e-06
1 1 1e-07
1 0.999815 0.000184925
1 1 2.10015e-07
1 0.971905 0.0280951
1 0.768933 0.231067
1 0.999358 0.00064186
1 0.99832 0.00168026
1 0.9324 0.0676005
1 0.694483 0.305517
-1 0.179914 0.820086
1 0.998938 0.00106208
1 0.999886 0.000114261
1 0.85297 0.14703
1 1 1.29377e-07
1 0.999968 3.17573e-05
1 0.996292 0.0037082
1 1 1e-07
1 0.995691 0.00430925
1 0.844153 0.155847
1 0.99878 0.00122028
1 0.578024 0.421976
1 0.997885 0.0021146
1 0.999994 6.4051e-06
1 0.999995 5.4347e-06
1 0.999613 0.000386598
1 1 1e-07
1 0.99934 0.000660109
1 0.999908 9.228e-05
1 0.999563 0.000436509
1 0.999905 9.4573e-05
1 0.999861 0.000138586
1 0.999908 9.15141e-05
1 0.999982 1.7651e-05
1 0.923154 0.0768463
1 0.978117 0.0218825
1 0.999986 1.36854e-05
1 0.99855 0.00144963
1 0.999994 5.84009e-06
1 1 1e-07
1 1 1e-07
1 0.99993 7.0189e-05
1 0.900466 0.0995345
1 0.891199 0.108801
1 0.998853 0.00114671
1 0.992706 0.0072944
1 0.995413 0.00458747
1 1 1e-07
1 0.999993 7.35673e-06
1 0.999994 5.89164e-06
1 0.99963 0.000370044
1 1 1e-07
1 1 1e-07
1 1 1e-07
1 1 1e-07
1 0.993023 0.00697746
1 0.997558 0.00244228
1 1 1e-07
1 0.999876 0.000123799
1 0.999997 3.38101e-06
1 0.99998 2.04484e-05
1 1 1e-07
1 0.999996 4.44944e-06
1 0.891349 0.108651
1 0.995013 0.00498669
1 0.999999 1.21461e-06
1 0.999939 6.14558e-05
1 0.99557 0.0044303
1 0.999562 0.000438213
1 0.999822 0.000177607
1 0.965438 0.0345619
1 0.99991 9.03489e-05
1 1 1e-07
1 1 1e-07
1 1 1e-07
1 1 1e-07
1 0.994181 0.00581865
1 0.998081 0.00191899
1 1 1.33117e-07
1 0.999851 0.000148817
1 1 2.25428e-07
1 0.998324 0.00167574
1 0.999991 9.23096e-06
1 0.999933 6.70825e-05
1 0.999894 0.000105709
1 0.999973 2.71744e-05
1 1 1e-07
1 0.999997 2.72211e-06
1 1 1e-07
1 1 1e-07
1 1 1e-07
1 0.999952 4.75736e-05
1 0.999666 0.000334463
1 1 2.61633e-07
1 0.996834 0.0031659
1 1 1e-07
1 1 1e-07
1 0.999998 2.43199e-06
1 0.999995 4.95106e-06
1 0.999967 3.30653e-05
1 0.999977 2.31363e-05
1 0.975963 0.0240366
1 1 2.3546e-07
1 0.996871 0.00312946
1 0.809263 0.190737
1 0.910929 0.0890713
1 0.998951 0.0010489
1 0.997951 0.00204897
1 0.987507 0.0124929
1 0.999804 0.000196398
1 0.986187 0.0138125
-1 0.396767 0.603233
1 1 1e-07
1 1 2.1057e-07
1 1 1e-07
1 0.99999 1.01219e-05
1 0.877305 0.122695
1 1 1e-07
1 0.991939 0.00806116
1 0.999983 1.66352e-05
1 1 1e-07
1 0.999908 9.2323e-05
1 0.9827 0.0172999
1 0.998976 0.00102427
1 0.999883 0.000117479
1 0.999998 2.21751e-06
1 0.999613 0.000387052
1 0.999176 0.00082394
1 0.999914 8.58971e-05
-1 0.286145 0.713855
1 0.984207 0.015793
1 0.981146 0.0188544
1 0.877963 0.122037
1 0.921299 0.0787007
1 0.979179 0.0208208
1 0.720342 0.279658
1 0.976472 0.0235276
1 0.891162 0.108838
1 0.99538 0.00461997
1 0.99994 5.95203e-05
1 0.997372 0.00262848
1 0.963469 0.0365311
1 0.999024 0.000976395
1 0.924968 0.0750319
-1 0.30232 0.69768
1 0.813714 0.186286
1 0.989698 0.0103024
1 0.992082 0.0079184
1 0.99992 8.001e-05
1 0.999675 0.000324546
-1 0.306391 0.693609
1 0.891344 0.108656
1 0.99909 0.000909561
1 0.938057 0.0619435
1 0.998835 0.00116532
1 0.998865 0.00113455
1 0.997655 0.00234474
1 0.999906 9.40843e-05
1 0.999959 4.11065e-05
1 0.999975 2.50336e-05
-1 0.342344 0.657656
1 0.827004 0.172996
-1 0.334154 0.665846
1 0.595829 0.404171
1 0.91994 0.0800597
1 0.999989 1.11173e-05
1 0.999846 0.000153692
1 0.999369 0.00063084
1 0.999416 0.000584315
1 0.999999 8.4165e-07
1 0.973384 0.0266157
1 0.999866 0.00013416
1 1 1e-07
1 0.999737 0.00026323
1 1 3.86512e-07
1 0.99896 0.00103995
1 1 1e-07
1 1 1e-07
1 0.999947 5.25169e-05
1 1 2.29106e-07
1 0.999993 7.21829e-06
1 0.999981 1.94317e-05
1 1 1.23041e-07
1 0.999993 7.07241e-06
1 0.999999 6.50349e-07
1 0.999999 7.18035e-07
1 0.99989 0.000110389
1 0.999991 8.88312e-06
1 0.999457 0.000542561
1 0.935563 0.0644374
1 0.978236 0.0217638
1 1 3.14856e-07
1 0.999628 0.000372281
1 1 3.07379e-07
1 1 1e-07
1 1 3.90152e-07
1 0.999999 1.36047e-06
1 0.999962 3.79332e-05
1 0.999999 9.97737e-07
1 1 1e-07
1 0.999647 0.000352613
1 1 1e-07
1 0.999999 1.08418e-06
1 1 1e-07
1 0.992586 0.00741406
1 0.999971 2.89638e-05
1 0.999991 8.75892e-06
1 0.999995 4.76786e-06
1 1 1.85882e-07
1 0.999955 4.45962e-05
1 0.999573 0.000426812
1 1 1e-07
1 0.999943 5.72469e-05
1 1 1e-07
1 1 1e-07
1 0.996205 0.0037948
1 0.999994 5.7426e-06
1 0.801008 0.198992
1 0.999996 4.45586e-06
1 0.998491 0.00150857
1 0.992804 0.00719605
1 0.999991 8.58537e-06
1 0.999998 1.89055e-06
1 0.99972 0.000280103
1 0.999996 3.69649e-06
1 0.79457 0.20543
1 0.998968 0.00103182
1 0.906986 0.0930136
1 0.994191 0.00580906
1 0.989383 0.010617
1 0.998498 0.00150223
1 0.953502 0.0464976
1 0.99995 4.97948e-05
1 0.999714 0.000286251
1 0.999998 2.01041e-06
1 0.999523 0.000476779
1 0.991868 0.00813153
1 0.998398 0.00160215
1 0.99998 1.95871e-05
1 0.999649 0.000351453
1 0.999116 0.000884226
1 0.999449 0.000551031
-1 4.34245e-07 1
-1 5.3125e-06 0.999995
-1 6.19154e-07 0.999999
-1 0.0974985 0.902502
-1 0.00794939 0.992051
-1 0.0115669 0.988433
-1 2.12438e-06 0.999998
-1 1.7972e-05 0.999982
-1 0.0142861 0.985714
-1 0.00657388 0.993426
-1 0.0132678 0.986732
-1 0.00913746 0.990863
-1 0.127297 0.872703
-1 0.00841217 0.991588
-1 0.0293709 0.970629
-1 0.0113439 0.988656
-1 0.080445 0.919555
-1 0.0512483 0.948752
-1 0.00738833 0.992612
-1 0.0260783 0.973922
-1 0.00472882 0.995271
-1 9.99872e-06 0.99999
-1 3.12008e-06 0.999997
-1 0.00720539 0.992795
-1 0.0033241 0.996676
-1 0.00321781 0.996782
1 0.516924 0.483076
-1 5.01338e-07 0.999999
-1 0.0042297 0.99577
1 0.850114 0.149886
-1 0.00596966 0.99403
-1 0.0372701 0.96273
-1 0.0661848 0.933815
-1 0.00381582 0.996184
-1 1.07257e-06 0.999999
-1 2.2865e-06 0.999998
-1 0.0494143 0.950586
-1 0.00522791 0.994772
-1 1.33027e-05 0.999987
-1 0.00696632 0.993034
-1 0.0166919 0.983308
-1 0.00286674 0.997133
-1 0.0138415 0.986158
-1 5.56164e-06 0.999994
-1 1.75344e-06 0.999998
-1 7.63834e-06 0.999992
-1 2.02477e-06 0.999998
-1 2.49324e-06 0.999998
-1 0.00314528 0.996855
-1 0.111593 0.888407
-1 0.0590823 0.940918
-1 0.0082561 0.991744
-1 1.15449e-05 0.999988
-1 4.04534e-06 0.999996
-1 0.0135714 0.986429
-1 0.0142474 0.985753
-1 4.43592e-07 1
-1 0.118221 0.881779
-1 4.88819e-06 0.999995
-1 7.92553e-06 0.999992
-1 0.0190774 0.980923
-1 1.85958e-05 0.999981
-1 0.00360559 0.996394
-1 6.71442e-06 0.999993
-1 1.24741e-06 0.999999
-1 5.44935e-07 0.999999
-1 0.00437711 0.995623
-1 0.00478944 0.995211
-1 3.0422e-06 0.999997
-1 0.00341222 0.996588
-1 1.18082e-05 0.999988
-1 1.32925e-05 0.999987
-1 0.00382604 0.996174
-1 1.13187e-06 0.999999
-1 0.00283583 0.997164
-1 0.0716143 0.928386
-1 0.323374 0.676626
-1 0.00542361 0.994576
-1 0.480921 0.519079
-1 1.07973e-05 0.999989
-1 0.0131855 0.986814
-1 0.0136644 0.986336
-1 0.0148293 0.985171
-1 0.00626621 0.993734
-1 9.30008e-07 0.999999
-1 0.00795773 0.992042
-1 0.12715 0.87285
-1 0.0222646 0.977735
-1 0.00836474 0.991635
-1 0.0310558 0.968944
-1 0.0039591 0.996041
-1 0.0189852 0.981015
-1 1.18936e-05 0.999988
-1 0.00719458 0.992805
-1 0.0370277 0.962972
-1 0.0170636 0.982936
-1 0.0136014 0.986399
-1 0.0751987 0.924801
-1 0.00557274 0.994427
-1 0.00505996 0.99494
-1 1.1125e-05 0.999989
-1 3.57014e-06 0.999996
-1 7.78133e-06 0.999992
-1 1.2866e-06 0.999999
-1 3.35186e-07 1
-1 0.16398 0.83602
-1 9.37385e-06 0.999991
-1 0.0203847 0.979615
-1 0.0167812 0.983219
-1 1.67092e-06 0.999998
-1 1.86787e-05 0.999981
-1 2.4277e-06 0.999998
-1 1.30568e-05 0.999987
-1 0.0119349 0.988065
-1 1.93027e-06 0.999998
-1 0.0175852 0.982415
-1 1.7246e-06 0.999998
-1 8.69134e-06 0.999991
-1 1.39497e-05 0.999986
-1 0.00312698 0.996873
-1 0.0113677 0.988632
-1 2.83011e-06 0.999997
-1 2.66432e-06 0.999997
-1 0.0090355 0.990965
-1 8.57735e-06 0.999991
-1 0.00864328 0.991357
-1 0.00543737 0.994563
-1 3.45893e-06 0.999997
-1 0.0481787 0.951821
-1 1.32101e-05 0.999987
-1 1.02123e-05 0.99999
-1 1.65982e-06 0.999998
-1 0.0294053 0.970595
-1 1.21189e-06 0.999999
-1 1.01469e-05 0.99999
-1 1.24865e-05 0.999988
-1 1.69498e-05 0.999983
-1 6.66195e-06 0.999993
-1 1.87465e-06 0.999998
-1 1.83692e-05 0.999982
-1 1.00838e-06 0.999999
-1 1.18963e-05 0.999988
-1 6.88495e-08 1
-1 0.00481065 0.995189
-1 1.9224e-06 0.999998
-1 0.0080844 0.991916
-1 0.00822219 0.991778
-1 1.16008e-05 0.999988
-1 0.0157784 0.984222
-1 0.0338807 0.966119
-1 0.0370148 0.962985
-1 7.96301e-06 0.999992
-1 1.85697e-06 0.999998
-1 1.73412e-06 0.999998
-1 4.4881e-06 0.999996
-1 0.00758562 0.992414
-1 0.00293564 0.997064
-1 0.00530144 0.994699
-1 1.23164e-05 0.999988
-1 0.0143252 0.985675
-1 0.0185193 0.981481
-1 0.00783501 0.992165
-1 1.82613e-07 1
-1 1.16497e-06 0.999999
-1 1.76297e-05 0.999982
-1 1.44806e-06 0.999999
-1 0.00346841 0.996532
-1 8.33172e-06 0.999992
-1 6.75849e-06 0.999993
-1 0.00419656 0.995803
-1 0.00389502 0.996105
-1 1.09914e-05 0.999989
-1 1.54653e-06 0.999998
-1 5.07825e-06 0.999995
-1 8.85471e-07 0.999999
-1 1.30933e-05 0.999987
-1 5.45401e-06 0.999995
-1 3.41318e-06 0.999997
-1 5.52961e-06 0.999994
-1 2.56768e-06 0.999997
-1 0.0149173 0.985083
-1 1.51437e-05 0.999985
-1 0.0599075 0.940092
-1 1.39198e-06 0.999999
-1 1.80983e-07 1
-1 0.00744867 0.992551
-1 0.00849934 0.991501
-1 9.91116e-06 0.99999
-1 0.00390717 0.996093
-1 8.83327e-06 0.999991
-1 0.00939833 0.990602
-1 2.66366e-06 0.999997
-1 4.82121e-06 0.999995
-1 1.02578e-06 0.999999
-1 2.36311e-06 0.999998
-1 1.34605e-06 0.999999
-1 1.03889e-06 0.999999
-1 0.0841946 0.915805
-1 6.39932e-07 0.999999
-1 2.06224e-06 0.999998
-1 0.017048 0.982952
1 0.908015 0.0919852
-1 0.0117864 0.988214
-1 0.307757 0.692243
-1 2.50037e-06 0.999997
-1 6.31264e-07 0.999999
-1 0.00773623 0.992264
-1 0.291176 0.708824
-1 0.0318491 0.968151
-1 0.00460796 0.995392
-1 0.0025498 0.99745
-1 1.18094e-05 0.999988
-1 3.40172e-06 0.999997
-1 0.0238162 0.976184
-1 1.54423e-06 0.999998
-1 1.60844e-05 0.999984
-1 1.89642e-05 0.999981
-1 5.74485e-06 0.999994
-1 1.25295e-06 0.999999
-1 2.5273e-06 0.999997
-1 0.00342338 0.996577
-1 0.00991902 0.990081
-1 6.23626e-06 0.999994
-1 3.3132e-07 1
-1 1.55942e-06 0.999998
-1 7.09812e-06 0.999993
-1 0.151273 0.848727
-1 7.02012e-07 0.999999
-1 0.0136397 0.98636
-1 0.0841825 0.915818
-1 8.51052e-07 0.999999
-1 1.30909e-05 0.999987
-1 0.0263488 0.973651
-1 0.0124254 0.987575
-1 4.66703e-06 0.999995
-1 0.00625806 0.993742
-1 1.37629e-06 0.999999
-1 4.19699e-06 0.999996
-1 0.00407517 0.995925
-1 0.00303183 0.996968
-1 2.76931e-06 0.999997
-1 4.83439e-07 1
-1 7.5603e-07 0.999999
-1 0.00327602 0.996724
-1 0.00443747 0.995563
-1 0.00709308 0.992907
-1 1.03679e-06 0.999999
-1 1.11216e-05 0.999989
-1 0.00508788 0.994912
-1 1.56575e-05 0.999984
-1 0.00333088 0.996669
-1 3.7467e-06 0.999996
-1 0.0623214 0.937679
-1 0.00290264 0.997097
-1 0.0170814 0.982919
-1 0.0243561 0.975644
-1 0.0154918 0.984508
-1 0.0251458 0.974854
-1 0.0780178 0.921982
-1 8.81258e-06 0.999991
-1 0.00316315 0.996837
-1 0.0121553 0.987845
-1 0.0440782 0.955922
-1 9.28551e-07 0.999999
-1 0.00507228 0.994928
-1 0.00323344 0.996767
-1 2.58376e-06 0.999997
-1 0.0185034 0.981497
-1 0.0335663 0.966434
-1 1.2173e-05 0.999988
-1 0.0102943 0.989706
-1 1.82663e-06 0.999998
-1 0.00254808 0.997452
-1 0.00665941 0.993341
-1 3.13671e-06 0.999997
-1 0.0221261 0.977874
-1 1.82877e-05 0.999982
-1 2.26291e-06 0.999998
-1 0.0898247 0.910175
-1 0.0842454 0.915755
-1 0.0282135 0.971787
-1 0.00450216 0.995498
-1 4.17476e-06 0.999996
-1 1.78823e-07 1
-1 8.62291e-07 0.999999
-1 0.0841684 0.915832
-1 0.0275602 0.97244
-1 1.74818e-06 0.999998
-1 6.1074e-07 0.999999
-1 7.26338e-07 0.999999
-1 8.63545e-06 0.999991
-1 0.00314478 0.996855
-1 0.014216 0.985784
-1 0.0216841 0.978316
-1 0.00312214 0.996878
-1 0.0124494 0.987551
-1 0.011039 0.988961
-1 0.0247784 0.975222
-1 1.15574e-06 0.999999
-1 9.30584e-06 0.999991
-1 0.00375153 0.996248
-1 0.00670703 0.993293
-1 2.773e-06 0.999997
-1 0.172586 0.827414
-1 0.0192521 0.980748
-1 0.00943445 0.990566
-1 4.66757e-06 0.999995
-1 1.67593e-06 0.999998
-1 0.0467695 0.95323
-1 0.00485124 0.995149
-1 3.85488e-06 0.999996
-1 5.06984e-07 0.999999
-1 0.00712351 0.992876
-1 0.00657814 0.993422
-1 0.0031673 0.996833
-1 0.0273426 0.972657
-1 0.030561 0.969439
-1 0.00272326 0.997277
-1 0.205896 0.794104
-1 0.00992176 0.990078
-1 0.016463 0.983537
-1 0.0285307 0.971469
-1 0.042539 0.957461
-1 0.00305659 0.996943
-1 0.00322252 0.996777
-1 0.00461676 0.995383
-1 0.0101474 0.989853
-1 0.288994 0.711006
-1 0.036782 0.963218
-1 0.00257607 0.997424
-1 0.00593721 0.994063
-1 0.00528909 0.994711
-1 0.00488593 0.995114
-1 0.00377663 0.996223
-1 0.00507699 0.994923
-1 3.12534e-06 0.999997
-1 0.208594 0.791406
-1 7.19089e-06 0.999993
-1 0.00346405 0.996536
-1 0.00453505 0.995465
-1 0.0179226 0.982077
-1 1.38938e-06 0.999999
-1 0.0217853 0.978215
-1 2.72032e-06 0.999997
-1 0.0035651 0.996435
-1 0.00455573 0.995444
-1 0.167537 0.832463
-1 2.7671e-06 0.999997
-1 0.0479363 0.952064
-1 0.00394575 0.996054
-1 0.0148157 0.985184
-1 0.00475956 0.99524
-1 0.004846 0.995154
-1 0.0135936 0.986406
-1 0.00629854 0.993701
-1 0.0236255 0.976374
-1 0.00579904 0.994201
-1 0.0148428 0.985157
-1 5.42867e-06 0.999995
-1 1.14014e-05 0.999989
-1 3.5848e-07 1
-1 2.20078e-06 0.999998
-1 3.71365e-06 0.999996
-1 0.00414211 0.995858
-1 2.82989e-06 0.999997
-1 3.45992e-06 0.999997
-1 1.7506e-06 0.999998
-1 4.45885e-06 0.999996
-1 0.00267923 0.997321
1 0.803641 0.196359
-1 1.08468e-05 0.999989
-1 5.18629e-06 0.999995
-1 0.00279667 0.997203
-1 0.121303 0.878697
-1 1.23269e-05 0.999988
-1 4.12494e-06 0.999996
-1 1.05252e-06 0.999999
-1 1.88952e-06 0.999998
-1 8.27085e-06 0.999992
-1 4.11213e-06 0.999996
-1 4.6363e-06 0.999995
-1 9.74701e-06 0.99999
-1 2.19649e-06 0.999998
-1 0.00274509 0.997255
-1 2.89965e-06 0.999997
-1 2.67732e-06 0.999997
-1 3.68841e-06 0.999996
-1 0.00355005 0.99645
-1 0.00375239 0.996248
-1 4.06022e-06 0.999996
-1 0.00323263 0.996767
-1 0.00851446 0.991486
-1 4.36298e-06 0.999996
-1 0.00860093 0.991399
-1 0.00332045 0.99668
-1 7.7695e-07 0.999999
-1 0.056498 0.943502
-1 0.0150464 0.984954
-1 0.00955947 0.990441
-1 0.00449338 0.995507
-1 0.00316584 0.996834
-1 0.0361391 0.963861
-1 1.03124e-06 0.999999
-1 2.63533e-06 0.999997
-1 0.00263809 0.997362
-1 0.0891384 0.910862
-1 2.26495e-06 0.999998
-1 9.93111e-07 0.999999
-1 1.60215e-05 0.999984
-1 3.22657e-06 0.999997
-1 0.0406414 0.959359
-1 2.96331e-06 0.999997
-1 7.81451e-07 0.999999
-1 1.75159e-06 0.999998
-1 0.0586071 0.941393
-1 0.161533 0.838467
-1 2.65357e-06 0.999997
-1 3.11326e-06 0.999997
-1 4.07577e-06 0.999996
-1 0.00397701 0.996023
-1 0.0193716 0.980628
-1 0.00790758 0.992092
-1 0.00280852 0.997191
-1 2.0678e-06 0.999998
-1 0.0172942 0.982706
-1 0.0209147 0.979085
-1 0.113678 0.886322
-1 1.17616e-05 0.999988
-1 0.00383501 0.996165
-1 2.0892e-06 0.999998
-1 6.29105e-06 0.999994
-1 6.08144e-06 0.999994
-1 0.00645992 0.99354
-1 0.00478471 0.995215
-1 3.10907e-07 1
-1 1.06397e-06 0.999999
-1 8.25266e-06 0.999992
-1 0.0254776 0.974522
-1 0.0038831 0.996117
-1 1.37485e-05 0.999986
-1 0.00295601 0.997044
-1 1.46594e-05 0.999985
-1 0.0775251 0.922475
-1 0.1584 0.8416
-1 0.0148184 0.985182
-1 0.002806 0.997194
-1 0.0529274 0.947073
-1 0.0150147 0.984985
-1 1.68103e-07 1
-1 3.15251e-06 0.999997
-1 0.00502531 0.994975
-1 0.00730422 0.992696
-1 0.00491647 0.995084
-1 0.00568848 0.994312
-1 0.00283398 0.997166
-1 0.00465121 0.995349
-1 0.00299591 0.997004
-1 2.65433e-06 0.999997
-1 1.37372e-06 0.999999
-1 0.0387542 0.961246
-1 7.3049e-06 0.999993
-1 0.0136018 0.986398
-1 1.27704e-05 0.999987
-1 0.0505339 0.949466
-1 8.22445e-06 0.999992
-1 0.00310218 0.996898
-1 0.00266622 0.997334
-1 0.0159125 0.984088
-1 6.47452e-06 0.999994
-1 2.02225e-06 0.999998
-1 0.00302779 0.996972
-1 2.20495e-06 0.999998
-1 0.00752848 0.992472
-1 0.0421625 0.957838
-1 0.00424438 0.995756
-1 5.38388e-06 0.999995
-1 4.29497e-06 0.999996
-1 7.14518e-07 0.999999
-1 0.0454866 0.954513
-1 3.02262e-06 0.999997
-1 2.95996e-06 0.999997
-1 1.03554e-06 0.999999
-1 2.8379e-07 1
-1 3.53578e-07 1
-1 5.39968e-06 0.999995
-1 9.81405e-06 0.99999
-1 8.15237e-06 0.999992
-1 0.00516195 0.994838
-1 1.95387e-06 0.999998
-1 0.022506 0.977494
-1 1.51933e-06 0.999998
-1 4.939e-06 0.999995
-1 4.7678e-06 0.999995
-1 0.00715979 0.99284
-1 0.0609671 0.939033
-1 0.00656098 0.993439
-1 5.93149e-06 0.999994
-1 4.51437e-06 0.999995
-1 0.00337232 0.996628
-1 7.38296e-06 0.999993
-1 0.00976174 0.990238
-1 0.00371787 0.996282
-1 1.40366e-05 0.999986
-1 0.00470314 0.995297
-1 2.57214e-06 0.999997
-1 2.18311e-06 0.999998
-1 1.11355e-05 0.999989
-1 1.42284e-06 0.999999
-1 0.00320921 0.996791
-1 1.53762e-05 0.999985
-1 0.0179079 0.982092
-1 0.016014 0.983986
-1 0.00336791 0.996632
-1 0.00916487 0.990835
-1 0.0291959 0.970804
-1 2.21564e-06 0.999998
-1 5.55786e-07 0.999999
-1 0.0736148 0.926385
-1 7.87977e-06 0.999992
-1 0.0255399 0.97446
-1 0.0240622 0.975938
-1 0.0274825 0.972518
-1 0.0504969 0.949503
-1 9.49716e-07 0.999999
-1 0.00492832 0.995072
-1 8.94048e-06 0.999991
-1 0.00336706 0.996633
-1 4.10758e-06 0.999996
-1 1.04595e-06 0.999999
-1 8.74969e-06 0.999991
-1 0.00350083 0.996499
-1 1.79256e-06 0.999998
-1 0.0128321 0.987168
-1 3.20407e-06 0.999997
-1 1.2733e-06 0.999999
-1 0.00722543 0.992775
-1 8.57769e-07 0.999999
-1 4.20254e-06 0.999996
-1 0.00583881 0.994161
-1 1.31812e-06 0.999999
-1 0.0174085 0.982592
-1 0.0126038 0.987396
-1 7.20186e-06 0.999993
-1 1.50106e-05 0.999985
-1 0.00279272 0.997207
-1 1.95472e-06 0.999998
-1 0.165051 0.834949
-1 1.78444e-05 0.999982
-1 2.51458e-06 0.999997
-1 0.0029465 0.997054
-1 8.80403e-06 0.999991
-1 0.0353446 0.964655
-1 0.289258 0.710742
-1 1.4206e-06 0.999999
-1 0.00364189 0.996358
-1 0.00390022 0.9961
-1 0.00416807 0.995832
-1 4.77553e-06 0.999995
-1 0.00502252 0.994977
-1 0.00300239 0.996998
-1 0.0125479 0.987452
-1 0.0641477 0.935852
-1 0.00425229 0.995748
-1 0.0099084 0.990092
-1 7.06917e-06 0.999993
-1 3.27985e-06 0.999997
-1 1.26902e-05 0.999987
-1 4.10026e-06 0.999996
-1 4.50638e-07 1
-1 1.6406e-05 0.999984
-1 2.95928e-06 0.999997
-1 0.0452355 0.954765
-1 4.58865e-06 0.999995
-1 0.0238465 0.976154
-1 0.00850513 0.991495
-1 0.00486593 0.995134
-1 0.0046575 0.995343
-1 2.06229e-06 0.999998
-1 8.10157e-06 0.999992
-1 4.39324e-06 0.999996
-1 0.0413699 0.95863
-1 3.31832e-06 0.999997
-1 2.75403e-06 0.999997
1 0.72909 0.27091
-1 2.36766e-06 0.999998
-1 7.62371e-06 0.999992
-1 4.15485e-06 0.999996
-1 0.0336265 0.966374
-1 0.00258595 0.997414
-1 7.02095e-06 0.999993
-1 0.00832082 0.991679
-1 0.00289182 0.997108
-1 1.09322e-06 0.999999
-1 0.00465712 0.995343
-1 8.54224e-07 0.999999
-1 0.00702509 0.992975
-1 0.148648 0.851352
-1 1.06416e-06 0.999999
-1 2.72685e-06 0.999997
-1 0.0571786 0.942821
-1 6.92354e-07 0.999999
-1 0.00502598 0.994974
-1 0.0841924 0.915808
-1 0.0040255 0.995975
-1 1.70485e-05 0.999983
-1 1.88745e-05 0.999981
-1 0.34607 0.65393
-1 8.85553e-07 0.999999
-1 2.75553e-06 0.999997
-1 6.00687e-06 0.999994
-1 1.5525e-06 0.999998
-1 0.00463252 0.995367
-1 1.2631e-06 0.999999
-1 0.0894986 0.910501
-1 1.89189e-06 0.999998
-1 0.0412808 0.958719
-1 1.48626e-05 0.999985
-1 0.00950497 0.990495
1 0.604635 0.395365
-1 0.0165081 0.983492
-1 1.24586e-06 0.999999
-1 0.159082 0.840918
-1 0.00295846 0.997042
-1 1.86003e-06 0.999998
-1 0.00320567 0.996794
-1 0.00426906 0.995731
-1 0.0102808 0.989719
-1 0.00575756 0.994242
-1 3.4827e-07 1
-1 1.03599e-05 0.99999
-1 0.00944067 0.990559
-1 0.00698642 0.993014
-1 1.69658e-06 0.999998
-1 0.0187183 0.981282
-1 0.300156 0.699844
-1 0.00675277 0.993247
-1 0.00799669 0.992003
-1 1.56295e-06 0.999998
-1 0.021139 0.978861
-1 0.00343965 0.99656
-1 0.0549307 0.945069
-1 8.95911e-07 0.999999
-1 0.00282653 0.997173
-1 3.39764e-06 0.999997
-1 3.54797e-06 0.999996
-1 0.0044312 0.995569
-1 5.54109e-06 0.999994
-1 1.40637e-05 0.999986
-1 0.00328639 0.996714
-1 8.20145e-06 0.999992
-1 0.00322668 0.996773
-1 0.00410127 0.995899
-1 0.0154955 0.984505
-1 0.00354805 0.996452
-1 2.11321e-06 0.999998
-1 1.17304e-05 0.999988
-1 9.66957e-07 0.999999
-1 6.72644e-06 0.999993
-1 1.78412e-06 0.999998
-1 0.0843107 0.915689
-1 5.43206e-07 0.999999
-1 5.66685e-07 0.999999
-1 4.00942e-06 0.999996
-1 0.0440862 0.955914
-1 0.00583496 0.994165
-1 9.78959e-07 0.999999
-1 0.0251618 0.974838
-1 8.24612e-06 0.999992
-1 1.22286e-06 0.999999
-1 1.24692e-06 0.999999
-1 1.08445e-06 0.999999
-1 3.05871e-06 0.999997
-1 0.00267424 0.997326
-1 0.0049942 0.995006
-1 1.1409e-06 0.999999
-1 0.00514667 0.994853
-1 0.0105898 0.98941
-1 0.00413536 0.995865
-1 4.23658e-06 0.999996
-1 5.51003e-07 0.999999
-1 1.09002e-06 0.999999
-1 1.98677e-06 0.999998
-1 3.09362e-06 0.999997
1 0.607532 0.392468
-1 1.1704e-05 0.999988
-1 1.72413e-06 0.999998
-1 4.50713e-06 0.999995
-1 0.00261452 0.997385
-1 8.02097e-06 0.999992
-1 0.00280992 0.99719
-1 0.00950325 0.990497
-1 0.00777032 0.99223
-1 0.278028 0.721972
-1 0.00385306 0.996147
-1 3.93156e-06 0.999996
-1 2.74791e-06 0.999997
-1 7.10927e-06 0.999993
-1 0.00481304 0.995187
-1 2.58863e-06 0.999997
-1 1.90142e-06 0.999998
-1 1.17589e-06 0.999999
-1 4.01654e-06 0.999996
-1 3.70209e-06 0.999996
-1 1.57516e-05 0.999984
-1 9.9607e-07 0.999999
-1 0.00711273 0.992887
-1 0.00754346 0.992457
-1 0.0132474 0.986753
1 0.705039 0.294961
-1 5.38283e-07 0.999999
1 0.578696 0.421304
-1 6.82216e-07 0.999999
-1 6.5099e-07 0.999999
-1 8.65316e-07 0.999999
-1 0.0828729 0.917127
-1 7.43042e-06 0.999993
-1 0.00893011 0.99107
-1 3.47599e-06 0.999997
-1 7.2354e-06 0.999993
-1 0.0684464 0.931554
-1 0.0032377 0.996762
-1 0.00546761 0.994532
1 0.798481 0.201519
-1 6.03413e-07 0.999999
-1 1.09769e-05 0.999989
-1 0.00659913 0.993401
-1 0.022632 0.977368
1 0.696783 0.303217
-1 4.75862e-07 1
-1 1.43723e-06 0.999999
-1 0.00663162 0.993368
-1 4.45974e-07 1
-1 0.158299 0.841701
-1 9.02913e-07 0.999999
-1 0.00349597 0.996504
-1 9.77727e-06 0.99999
-1 8.74206e-07 0.999999
-1 0.00398519 0.996015
-1 9.2126e-06 0.999991
-1 5.25833e-07 0.999999
-1 0.00616993 0.99383
-1 0.0179205 0.982079
-1 0.0264441 0.973556
-1 0.00446635 0.995534
-1 0.325709 0.674291
-1 0.0216752 0.978325
-1 7.68591e-07 0.999999
-1 2.80668e-07 1
-1 2.16843e-07 1
-1 0.0174313 0.982569
-1 5.3011e-07 0.999999
-1 5.5373e-07 0.999999
-1 7.28916e-07 0.999999
-1 1.26115e-05 0.999987
-1 4.62706e-07 1
-1 0.00939047 0.99061
-1 0.00274915 0.997251
-1 7.82678e-06 0.999992
-1 1.80313e-06 0.999998
-1 5.37083e-06 0.999995
-1 5.69459e-07 0.999999
-1 0.0445601 0.95544
-1 3.51351e-06 0.999996
-1 6.15918e-06 0.999994
-1 4.04679e-07 1
-1 3.78808e-06 0.999996
-1 3.89247e-06 0.999996
-1 2.29396e-07 1
-1 2.02354e-06 0.999998
-1 1.01328e-05 0.99999
-1 0.00264817 0.997352
-1 0.0167166 0.983283
-1 0.00794743 0.992053
-1 3.27777e-06 0.999997
-1 1.68016e-05 0.999983
-1 6.23184e-07 0.999999
-1 0.0316382 0.968362
-1 1.36301e-06 0.999999
-1 2.11277e-06 0.999998
-1 5.17761e-07 0.999999
-1 0.0411873 0.958813
-1 0.0182985 0.981701
-1 8.40585e-06 0.999992
-1 9.16731e-07 0.999999
-1 2.25541e-06 0.999998
-1 9.82648e-07 0.999999
-1 7.85456e-07 0.999999
-1 4.34799e-07 1
-1 1.19577e-05 0.999988
-1 1.02447e-05 0.99999
-1 1.61825e-05 0.999984
-1 0.0110153 0.988985
-1 1.47827e-05 0.999985
-1 6.8393e-06 0.999993
-1 0.00459547 0.995405
-1 0.00874209 0.991258
-1 1.58523e-05 0.999984
-1 0.00499915 0.995001
-1 0.0295477 0.970452
-1 1.21816e-07 1
-1 0.00295947 0.997041
-1 0.00763621 0.992364
-1 0.0301002 0.9699
-1 2.74747e-06 0.999997
-1 1.47339e-06 0.999999
-1 9.24365e-06 0.999991
-1 0.36163 0.63837
-1 1.43059e-05 0.999986
-1 3.66764e-06 0.999996
-1 2.58014e-07 1
-1 0.00629898 0.993701
-1 3.92132e-07 1
-1 1.44429e-05 0.999986
-1 0.0134188 0.986581
-1 0.00287895 0.997121
-1 0.0674408 0.932559
-1 4.78762e-06 0.999995
-1 0.0225745 0.977426
-1 0.0092935 0.990707
-1 0.0232695 0.976731
-1 0.0568198 0.94318
-1 0.1461 0.8539
-1 0.00865178 0.991348
-1 7.10498e-07 0.999999
-1 1.1331e-06 0.999999
-1 0.00264712 0.997353
-1 1.88692e-06 0.999998
-1 1.34935e-06 0.999999
-1 1.38414e-06 0.999999
-1 2.74969e-07 1
-1 0.00447753 0.995522
-1 0.0110131 0.988987
-1 1.59098e-07 1
-1 2.34317e-06 0.999998
-1 0.00687437 0.993126
-1 0.00321232 0.996788
-1 3.57105e-06 0.999996
-1 0.00724134 0.992759
-1 1.90158e-05 0.999981
-1 0.00780952 0.99219
-1 0.0842696 0.91573
-1 1.12227e-05 0.999989
-1 7.38565e-06 0.999993
-1 0.00305092 0.996949
-1 1.22906e-06 0.999999
-1 8.89655e-06 0.999991
-1 6.1327e-06 0.999994
-1 0.0229431 0.977057
-1 0.00855544 0.991445
-1 0.00345386 0.996546
-1 7.62179e-06 0.999992
-1 7.02404e-07 0.999999
-1 0.255233 0.744767
-1 0.00715781 0.992842
-1 1.65457e-06 0.999998
-1 2.02975e-06 0.999998
-1 2.56385e-07 1
-1 0.0028317 0.997168
-1 5.94524e-06 0.999994
1 0.600797 0.399203
-1 4.72841e-07 1
-1 1.19446e-05 0.999988
-1 1.51482e-06 0.999998
-1 5.07945e-06 0.999995
1 0.979021 0.0209793
-1 0.0258824 0.974118
-1 5.38653e-07 0.999999
-1 0.0184947 0.981505
-1 6.07029e-06 0.999994
-1 0.00470451 0.995295
-1 3.23766e-06 0.999997
-1 5.18481e-07 0.999999
-1 2.41735e-07 1
-1 1.22915e-06 0.999999
-1 8.25365e-06 0.999992
-1 0.0111393 0.988861
-1 0.0236271 0.976373
-1 1.08219e-05 0.999989
-1 0.00810342 0.991897
-1 1.75018e-05 0.999982
-1 0.0636795 0.936321
-1 5.55586e-06 0.999994
-1 0.00395303 0.996047
-1 3.30105e-06 0.999997
-1 0.0155707 0.984429
-1 0.0657838 0.934216
-1 0.00786576 0.992134
-1 2.0722e-06 0.999998
-1 3.41656e-06 0.999997
-1 2.31251e-06 0.999998
-1 0.00386635 0.996134
-1 1.39617e-06 0.999999
-1 9.50598e-06 0.99999
-1 5.22712e-06 0.999995
-1 2.12561e-06 0.999998
-1 0.005448 0.994552
-1 9.60214e-06 0.99999
-1 0.00461669 0.995383
-1 0.00340677 0.996593
-1 0.00321286 0.996787
-1 0.0048526 0.995147
-1 0.00357662 0.996423
-1 0.0350673 0.964933
-1 8.14901e-06 0.999992
-1 0.0041588 0.995841
-1 0.0108059 0.989194
-1 4.29333e-06 0.999996
-1 7.48866e-06 0.999993
-1 1.17157e-06 0.999999
-1 0.00786187 0.992138
-1 0.0192622 0.980738
-1 0.0300648 0.969935
-1 8.31694e-07 0.999999
-1 0.00860337 0.991397
-1 0.00345721 0.996543
-1 3.89274e-07 1
-1 0.0119696 0.98803
-1 0.00891482 0.991085
-1 0.19474 0.80526
-1 0.0170619 0.982938
-1 0.0191951 0.980805
-1 0.00534563 0.994654
-1 0.00437974 0.99562
-1 0.0189497 0.98105
-1 5.30516e-06 0.999995
-1 0.0218079 0.978192
-1 0.0129907 0.987009
-1 0.00507779 0.994922
-1 3.6287e-06 0.999996
-1 6.98508e-07 0.999999
-1 5.09078e-06 0.999995
-1 0.0843029 0.915697
-1 0.00694237 0.993058
-1 8.43689e-07 0.999999
-1 0.0101972 0.989803
-1 1.84723e-06 0.999998
-1 0.0106917 0.989308
-1 0.0136561 0.986344
-1 2.521e-07 1
-1 0.00397373 0.996026
-1 3.02321e-06 0.999997
-1 0.0206315 0.979368
-1 1.75731e-05 0.999982
-1 4.94392e-07 1
-1 0.0036451 0.996355
-1 0.00921858 0.990781
-1 0.0362016 0.963798
-1 0.0320099 0.96799
-1 0.0842414 0.915759
-1 1.16176e-05 0.999988
-1 0.00606622 0.993934
-1 2.72161e-06 0.999997
-1 3.01228e-06 0.999997
-1 3.58583e-06 0.999996
-1 5.881e-06 0.999994
-1 0.0259224 0.974078
-1 0.0361954 0.963805
-1 2.61194e-06 0.999997
-1 0.0121225 0.987877
-1 0.00263792 0.997362
-1 1.02942e-05 0.99999
-1 0.0179199 0.98208
-1 0.0307233 0.969277
-1 1.37831e-06 0.999999
-1 0.0112575 0.988742
-1 1.2066e-05 0.999988
-1 0.0841763 0.915824
-1 6.14164e-07 0.999999
-1 5.26077e-06 0.999995
-1 2.25352e-06 0.999998
-1 2.64293e-06 0.999997
-1 3.53304e-07 1
1 0.999956 4.43295e-05
-1 2.45277e-06 0.999998
-1 9.69012e-06 0.99999
-1 2.21792e-07 1
-1 0.111244 0.888756
-1 1.5408e-05 0.999985
-1 1.98169e-06 0.999998
-1 1.51389e-06 0.999998
-1 3.75459e-06 0.999996
-1 0.00918825 0.990812
-1 7.75106e-07 0.999999
-1 0.0691461 0.930854
-1 0.0813749 0.918625
-1 0.00371469 0.996285
-1 1.01943e-05 0.99999
-1 0.00615147 0.993849
-1 0.0120719 0.987928
-1 4.18238e-06 0.999996
-1 1.68391e-06 0.999998
-1 7.56932e-07 0.999999
-1 5.52102e-07 0.999999
-1 1.31888e-06 0.999999
-1 1.37337e-06 0.999999
-1 6.01117e-06 0.999994
-1 2.45316e-06 0.999998
-1 2.33539e-06 0.999998
-1 0.0842996 0.9157
-1 1.79108e-05 0.999982
-1 1.84064e-05 0.999982
-1 1.2448e-05 0.999988
-1 5.33065e-07 0.999999
-1 1.63403e-06 0.999998
-1 0.00915116 0.990849
-1 0.0190585 0.980941
-1 8.76778e-07 0.999999
-1 1.05786e-06 0.999999
-1 5.59128e-06 0.999994
-1 1.15938e-05 0.999988
-1 0.0195576 0.980442
-1 7.44892e-07 0.999999
-1 2.7823e-06 0.999997
-1 1.76965e-05 0.999982
-1 0.00868932 0.991311
-1 0.00635277 0.993647
-1 5.20174e-06 0.999995
-1 0.00296607 0.997034
-1 4.97882e-06 0.999995
-1 4.32785e-07 1
-1 1.2505e-05 0.999987
-1 7.33336e-06 0.999993
-1 0.00353744 0.996463
-1 5.98133e-06 0.999994
-1 1.83496e-06 0.999998
-1 0.00731796 0.992682
-1 0.00335437 0.996646
-1 9.29153e-07 0.999999
-1 9.08224e-07 0.999999
-1 0.00257378 0.997426
-1 0.00368889 0.996311
-1 0.0129368 0.987063
-1 1.52408e-05 0.999985
-1 0.033871 0.966129
-1 1.08919e-06 0.999999
-1 6.85764e-07 0.999999
-1 0.00724512 0.992755
-1 0.00852677 0.991473
-1 7.31864e-07 0.999999
-1 1.8216e-06 0.999998
-1 7.44791e-06 0.999993
-1 1.64741e-06 0.999998
-1 3.23212e-06 0.999997
-1 1.57341e-06 0.999998
-1 0.050428 0.949572
-1 0.186269 0.813731
-1 1.10668e-05 0.999989
-1 3.60786e-06 0.999996
-1 1.42889e-06 0.999999
-1 0.0118313 0.988169
-1 1.96902e-06 0.999998
-1 1.29932e-05 0.999987
-1 0.00820604 0.991794
-1 3.62256e-06 0.999996
-1 0.0249385 0.975062
-1 0.00608938 0.993911
-1 0.00610281 0.993897
-1 2.10092e-06 0.999998
-1 4.14815e-06 0.999996
-1 4.34482e-06 0.999996
-1 1.37417e-05 0.999986
-1 2.24612e-06 0.999998
-1 4.14117e-06 0.999996
-1 1.14485e-07 1
-1 1.19521e-05 0.999988
-1 1.69521e-05 0.999983
-1 0.154049 0.845951
-1 0.0211478 0.978852
-1 2.4666e-06 0.999998
-1 6.90467e-06 0.999993
-1 8.7471e-07 0.999999
-1 1.144e-05 0.999989
-1 6.39149e-06 0.999994
-1 5.38843e-07 0.999999
-1 1.61447e-06 0.999998
-1 0.00602992 0.99397
-1 0.00348459 0.996515
-1 1.73763e-06 0.999998
-1 0.0181725 0.981828
-1 1.5237e-06 0.999998
-1 4.78435e-07 1
1 0.997702 0.00229824
-1 3.29671e-06 0.999997
-1 1.47515e-06 0.999999
-1 8.20001e-06 0.999992
-1 5.04436e-06 0.999995
-1 4.2687e-07 1
-1 0.00651886 0.993481
-1 1.35216e-06 0.999999
-1 5.60838e-06 0.999994
-1 1.1338e-05 0.999989
-1 1.04778e-06 0.999999
-1 0.00296545 0.997035
-1 5.3199e-07 0.999999
-1 9.04921e-06 0.999991
-1 2.14058e-06 0.999998
-1 0.00974373 0.990256
-1 6.77752e-07 0.999999
-1 1.49133e-06 0.999999
-1 0.00388679 0.996113
-1 9.55873e-06 0.99999
-1 7.38935e-06 0.999993
-1 3.59244e-06 0.999996
-1 1.30201e-06 0.999999
-1 0.00314859 0.996851
-1 0.00272324 0.997277
-1 0.00394712 0.996053
-1 0.00291147 0.997089
-1 0.0102839 0.989716
-1 0.00896842 0.991032
-1 1.69582e-06 0.999998
-1 0.00320777 0.996792
-1 0.0292756 0.970724
-1 0.0283109 0.971689
-1 0.0028955 0.997104
-1 7.87596e-07 0.999999
-1 2.67832e-06 0.999997
-1 1.39692e-06 0.999999
-1 0.0470608 0.952939
-1 1.14138e-06 0.999999
-1 2.90491e-06 0.999997
-1 1.7598e-05 0.999982
-1 3.53564e-06 0.999996
-1 1.16721e-06 0.999999
-1 1.20674e-05 0.999988
-1 1.1811e-05 0.999988
-1 5.27236e-07 0.999999
-1 1.03601e-07 1
-1 6.5843e-06 0.999993
-1 1.68367e-06 0.999998
-1 1.30057e-05 0.999987
-1 0.00768801 0.992312
-1 0.00269676 0.997303
-1 4.6761e-06 0.999995
-1 0.00896389 0.991036
-1 0.0124769 0.987523
-1 4.17217e-06 0.999996
-1 1.16406e-05 0.999988
-1 0.00419284 0.995807
-1 0.00260063 0.997399
-1 1.69366e-06 0.999998
-1 4.20784e-07 1
-1 3.84911e-07 1
-1 0.00300375 0.996996
-1 0.0503508 0.949649
-1 2.49769e-06 0.999998
-1 6.6313e-07 0.999999
-1 2.06887e-06 0.999998
-1 2.99695e-06 0.999997
-1 3.24759e-06 0.999997
-1 0.00611962 0.99388
-1 1.12203e-05 0.999989
-1 0.00546402 0.994536
-1 3.4832e-07 1
-1 1.72281e-06 0.999998
-1 0.00624007 0.99376
-1 2.00277e-06 0.999998
-1 0.00297212 0.997028
-1 1.59819e-06 0.999998
-1 0.00417656 0.995823
-1 0.0176069 0.982393
-1 5.28275e-07 0.999999
-1 5.61687e-06 0.999994
-1 5.561e-06 0.999994
-1 0.00272556 0.997274
-1 2.8408e-06 0.999997
-1 0.00268434 0.997316
-1 8.26878e-07 0.999999
-1 0.00655377 0.993446
-1 0.0182621 0.981738
-1 0.0032211 0.996779
-1 1.91298e-06 0.999998
-1 9.94299e-07 0.999999
-1 2.54255e-06 0.999997
-1 0.0183731 0.981627
-1 2.74163e-06 0.999997
-1 1.64968e-06 0.999998
-1 0.00297194 0.997028
-1 2.40555e-06 0.999998
-1 1.35026e-06 0.999999
-1 1.16514e-05 0.999988
-1 1.76579e-06 0.999998
-1 0.00280027 0.9972
-1 0.00494507 0.995055
-1 0.0842813 0.915719
-1 0.0028451 0.997155
-1 1.37025e-06 0.999999
-1 0.00346516 0.996535
-1 5.4529e-07 0.999999
-1 5.71401e-08 1
-1 0.0177103 0.98229
-1 5.5406e-07 0.999999
-1 0.00563098 0.994369
-1 2.19752e-07 1
-1 1.75474e-06 0.999998
-1 0.0038702 0.99613
-1 6.61739e-06 0.999993
-1 0.012582 0.987418
-1 2.63221e-06 0.999997
-1 1.32699e-05 0.999987
